  FST.cpp
C:\Users\yarok\Desktop\Стасян\Курсовой_КПО\YSA-2024\FST.cpp(66,17): warning C4267: инициализация: преобразование из "size_t" в "short"; возможна потеря данных
  LexAnalysis.cpp
  LT.cpp
  MFST.cpp
C:\Users\yarok\Desktop\Стасян\Курсовой_КПО\YSA-2024\MFST.cpp(280,15): warning C4267: инициализация: преобразование из "size_t" в "short"; возможна потеря данных
C:\Users\yarok\Desktop\Стасян\Курсовой_КПО\YSA-2024\MFST.cpp(293,71): warning C4267: =: преобразование из "size_t" в "short"; возможна потеря данных
C:\Users\yarok\Desktop\Стасян\Курсовой_КПО\YSA-2024\MFST.cpp(304,15): warning C4267: инициализация: преобразование из "size_t" в "short"; возможна потеря данных
  PolishNotation.cpp
  SemanticAnalysis.cpp
  YSA-2024.cpp
  Создание кода...
C:\Users\yarok\Desktop\Стасян\Курсовой_КПО\YSA-2024\PolishNotation.cpp(132): warning C4715: PN::priority: значение возвращается не при всех путях выполнения
MFST.obj : error LNK2019: ссылка на неразрешенный внешний символ "public: char * __cdecl GRB::Rule::getCRule(char *,short)" (?getCRule@Rule@GRB@@QEAAPEADPEADF@Z) в функции "public: void __cdecl MFST::MFST::printRules(class std::basic_ostream<char,struct std::char_traits<char> > *)" (?printRules@MFST@1@QEAAXPEAV?$basic_ostream@DU?$char_traits@D@std@@@std@@@Z).
MFST.obj : error LNK2019: ссылка на неразрешенный внешний символ "public: short __cdecl GRB::Rule::getNextChain(short,struct GRB::Rule::Chain &,short)" (?getNextChain@Rule@GRB@@QEAAFFAEAUChain@12@F@Z) в функции "public: enum MFST::MFST::RC_STEP __cdecl MFST::MFST::step(class std::basic_ostream<char,struct std::char_traits<char> > *)" (?step@MFST@1@QEAA?AW4RC_STEP@11@PEAV?$basic_ostream@DU?$char_traits@D@std@@@std@@@Z).
MFST.obj : error LNK2019: ссылка на неразрешенный внешний символ "public: short __cdecl GRB::Greibach::getRule(short,struct GRB::Rule &)" (?getRule@Greibach@GRB@@QEAAFFAEAURule@2@@Z) в функции "public: enum MFST::MFST::RC_STEP __cdecl MFST::MFST::step(class std::basic_ostream<char,struct std::char_traits<char> > *)" (?step@MFST@1@QEAA?AW4RC_STEP@11@PEAV?$basic_ostream@DU?$char_traits@D@std@@@std@@@Z).
MFST.obj : error LNK2019: ссылка на неразрешенный внешний символ "public: struct GRB::Rule __cdecl GRB::Greibach::getRule(short)" (?getRule@Greibach@GRB@@QEAA?AURule@2@F@Z) в функции "public: char * __cdecl MFST::MFST::getDiagnosis(short,char *)" (?getDiagnosis@MFST@1@QEAAPEADFPEAD@Z).
YSA-2024.obj : error LNK2019: ссылка на неразрешенный внешний символ "void __cdecl Log::WriteError(class std::basic_ofstream<char,struct std::char_traits<char> > *,struct Error::ERROR)" (?WriteError@Log@@YAXPEAV?$basic_ofstream@DU?$char_traits@D@std@@@std@@UERROR@Error@@@Z) в функции __catch$wmain$0.
YSA-2024.obj : error LNK2019: ссылка на неразрешенный внешний символ "struct GRB::Greibach __cdecl GRB::getGreibach(void)" (?getGreibach@GRB@@YA?AUGreibach@1@XZ) в функции wmain.
YSA-2024.obj : error LNK2019: ссылка на неразрешенный внешний символ "void __cdecl GN::GenerationASM(struct LT::LexTable &,struct IT::IdTable &)" (?GenerationASM@GN@@YAXAEAULexTable@LT@@AEAUIdTable@IT@@@Z) в функции wmain.
C:\Users\yarok\Desktop\Стасян\Курсовой_КПО\YSA-2024\x64\Debug\YSA-2024.exe : fatal error LNK1120: неразрешенных внешних элементов: 7
