c:\users\yarok\desktop\стасян\курсовой_кпо\ysa-2024\ysa-2024\debug\vc143.pdb
c:\users\yarok\desktop\стасян\курсовой_кпо\ysa-2024\ysa-2024\debug\vc143.idb
c:\users\yarok\desktop\стасян\курсовой_кпо\ysa-2024\ysa-2024\debug\ysa-2024.obj
c:\users\yarok\desktop\стасян\курсовой_кпо\ysa-2024\ysa-2024\debug\semanticanalysis.obj
c:\users\yarok\desktop\стасян\курсовой_кпо\ysa-2024\ysa-2024\debug\polishnotation.obj
c:\users\yarok\desktop\стасян\курсовой_кпо\ysa-2024\ysa-2024\debug\parm.obj
c:\users\yarok\desktop\стасян\курсовой_кпо\ysa-2024\ysa-2024\debug\out.obj
c:\users\yarok\desktop\стасян\курсовой_кпо\ysa-2024\ysa-2024\debug\mfst.obj
c:\users\yarok\desktop\стасян\курсовой_кпо\ysa-2024\ysa-2024\debug\lt.obj
c:\users\yarok\desktop\стасян\курсовой_кпо\ysa-2024\ysa-2024\debug\log.obj
c:\users\yarok\desktop\стасян\курсовой_кпо\ysa-2024\ysa-2024\debug\lexanalysis.obj
c:\users\yarok\desktop\стасян\курсовой_кпо\ysa-2024\ysa-2024\debug\it.obj
c:\users\yarok\desktop\стасян\курсовой_кпо\ysa-2024\ysa-2024\debug\in.obj
c:\users\yarok\desktop\стасян\курсовой_кпо\ysa-2024\ysa-2024\debug\grb.obj
c:\users\yarok\desktop\стасян\курсовой_кпо\ysa-2024\ysa-2024\debug\generation.obj
c:\users\yarok\desktop\стасян\курсовой_кпо\ysa-2024\ysa-2024\debug\fst.obj
c:\users\yarok\desktop\стасян\курсовой_кпо\ysa-2024\ysa-2024\debug\error.obj
c:\users\yarok\desktop\стасян\курсовой_кпо\ysa-2024\ysa-2024\debug\ysa-2024.ilk
c:\users\yarok\desktop\стасян\курсовой_кпо\ysa-2024\ysa-2024\debug\ysa-2024.exe
c:\users\yarok\desktop\стасян\курсовой_кпо\ysa-2024\ysa-2024\debug\ysa-2024.pdb
c:\users\yarok\desktop\стасян\курсовой_кпо\ysa-2024\ysa-2024\debug\ysa-2024.tlog\cl.command.1.tlog
c:\users\yarok\desktop\стасян\курсовой_кпо\ysa-2024\ysa-2024\debug\ysa-2024.tlog\cl.items.tlog
c:\users\yarok\desktop\стасян\курсовой_кпо\ysa-2024\ysa-2024\debug\ysa-2024.tlog\cl.read.1.tlog
c:\users\yarok\desktop\стасян\курсовой_кпо\ysa-2024\ysa-2024\debug\ysa-2024.tlog\cl.write.1.tlog
c:\users\yarok\desktop\стасян\курсовой_кпо\ysa-2024\ysa-2024\debug\ysa-2024.tlog\link.command.1.tlog
c:\users\yarok\desktop\стасян\курсовой_кпо\ysa-2024\ysa-2024\debug\ysa-2024.tlog\link.read.1.tlog
c:\users\yarok\desktop\стасян\курсовой_кпо\ysa-2024\ysa-2024\debug\ysa-2024.tlog\link.write.1.tlog
